Temp/gradleOut/unityLibrary/build/intermediates/manifest_merge_blame_file/release/manifest-merger-blame-release-report.txt
1<?xml version="1.0" encoding="utf-8"?>
2<!-- GENERATED BY UNITY. REMOVE THIS COMMENT TO PREVENT OVERWRITING WHEN EXPORTING AGAIN -->
3<manifest xmlns:android="http://schemas.android.com/apk/res/android"
4    xmlns:tools="http://schemas.android.com/tools"
5    package="com.unity3d.player"
6    android:installLocation="auto"
7    android:versionCode="1"
8    android:versionName="0.1" >
9
10    <uses-sdk
11        android:minSdkVersion="24"
11-->src/main/AndroidManifest.xml
12        android:targetSdkVersion="30" />
12-->src/main/AndroidManifest.xml
13
14    <uses-feature android:glEsVersion="0x00030000" />
14-->src/main/AndroidManifest.xml:24:3-52
14-->src/main/AndroidManifest.xml:24:17-49
15
16    <supports-gl-texture android:name="GL_KHR_texture_compression_astc_ldr" />
16-->src/main/AndroidManifest.xml:25:3-77
16-->src/main/AndroidManifest.xml:25:24-74
17
18    <uses-permission android:name="android.permission.INTERNET" />
18-->src/main/AndroidManifest.xml:26:3-65
18-->src/main/AndroidManifest.xml:26:20-62
19    <uses-permission android:name="android.permission.RECORD_AUDIO" />
19-->src/main/AndroidManifest.xml:27:3-69
19-->src/main/AndroidManifest.xml:27:20-66
20    <uses-permission android:name="android.permission.MODIFY_AUDIO_SETTINGS" />
20-->src/main/AndroidManifest.xml:28:3-78
20-->src/main/AndroidManifest.xml:28:20-75
21
22    <uses-feature
22-->src/main/AndroidManifest.xml:29:3-87
23        android:name="android.hardware.microphone"
23-->src/main/AndroidManifest.xml:29:17-59
24        android:required="false" />
24-->src/main/AndroidManifest.xml:29:60-84
25    <uses-feature
25-->src/main/AndroidManifest.xml:30:3-88
26        android:name="android.hardware.touchscreen"
26-->src/main/AndroidManifest.xml:30:17-60
27        android:required="false" />
27-->src/main/AndroidManifest.xml:30:61-85
28    <uses-feature
28-->src/main/AndroidManifest.xml:31:3-99
29        android:name="android.hardware.touchscreen.multitouch"
29-->src/main/AndroidManifest.xml:31:17-71
30        android:required="false" />
30-->src/main/AndroidManifest.xml:31:72-96
31    <uses-feature
31-->src/main/AndroidManifest.xml:32:3-108
32        android:name="android.hardware.touchscreen.multitouch.distinct"
32-->src/main/AndroidManifest.xml:32:17-80
33        android:required="false" />
33-->src/main/AndroidManifest.xml:32:81-105
34    <uses-feature
34-->src/main/AndroidManifest.xml:33:3-111
35        android:name="android.hardware.vr.headtracking"
35-->src/main/AndroidManifest.xml:33:17-64
36        android:required="true"
36-->src/main/AndroidManifest.xml:33:85-108
37        android:version="1" />
37-->src/main/AndroidManifest.xml:33:65-84
38
39    <application
39-->src/main/AndroidManifest.xml:4:3-23:17
40        android:allowBackup="false"
40-->src/main/AndroidManifest.xml:4:81-108
41        android:icon="@mipmap/app_icon"
41-->src/main/AndroidManifest.xml:4:49-80
42        android:label="@string/app_name"
42-->src/main/AndroidManifest.xml:4:16-48
43        android:networkSecurityConfig="@xml/network_sec_config" >
43-->src/main/AndroidManifest.xml:4:109-164
44        <activity
44-->src/main/AndroidManifest.xml:5:5-14:16
45            android:name="com.unity3d.player.UnityPlayerActivity"
45-->src/main/AndroidManifest.xml:5:15-68
46            android:configChanges="keyboard|keyboardHidden|navigation|orientation|screenLayout|screenSize|uiMode|density"
46-->src/main/AndroidManifest.xml:5:204-313
47            android:hardwareAccelerated="false"
47-->src/main/AndroidManifest.xml:5:349-384
48            android:launchMode="singleTask"
48-->src/main/AndroidManifest.xml:5:172-203
49            android:resizeableActivity="false"
49-->src/main/AndroidManifest.xml:5:314-348
50            android:screenOrientation="landscape"
50-->src/main/AndroidManifest.xml:5:134-171
51            android:theme="@android:style/Theme.Black.NoTitleBar.Fullscreen" >
51-->src/main/AndroidManifest.xml:5:69-133
52            <intent-filter>
52-->src/main/AndroidManifest.xml:6:7-10:23
53                <action android:name="android.intent.action.MAIN" />
53-->src/main/AndroidManifest.xml:7:9-61
53-->src/main/AndroidManifest.xml:7:17-58
54
55                <category android:name="android.intent.category.LAUNCHER" />
55-->src/main/AndroidManifest.xml:8:9-69
55-->src/main/AndroidManifest.xml:8:19-66
56                <category android:name="com.oculus.intent.category.VR" />
56-->src/main/AndroidManifest.xml:9:9-66
56-->src/main/AndroidManifest.xml:9:19-63
57            </intent-filter>
58
59            <meta-data
59-->src/main/AndroidManifest.xml:11:7-82
60                android:name="unityplayer.UnityActivity"
60-->src/main/AndroidManifest.xml:11:18-58
61                android:value="true" />
61-->src/main/AndroidManifest.xml:11:59-79
62            <meta-data
62-->src/main/AndroidManifest.xml:12:7-78
63                android:name="android.notch_support"
63-->src/main/AndroidManifest.xml:12:18-54
64                android:value="true" />
64-->src/main/AndroidManifest.xml:12:55-75
65            <meta-data
65-->src/main/AndroidManifest.xml:13:7-81
66                android:name="com.oculus.vr.focusaware"
66-->src/main/AndroidManifest.xml:13:18-57
67                android:value="true" />
67-->src/main/AndroidManifest.xml:13:58-78
68        </activity>
69
70        <meta-data
70-->src/main/AndroidManifest.xml:15:5-69
71            android:name="unity.splash-mode"
71-->src/main/AndroidManifest.xml:15:16-48
72            android:value="0" />
72-->src/main/AndroidManifest.xml:15:49-66
73        <meta-data
73-->src/main/AndroidManifest.xml:16:5-74
74            android:name="unity.splash-enable"
74-->src/main/AndroidManifest.xml:16:16-50
75            android:value="True" />
75-->src/main/AndroidManifest.xml:16:51-71
76        <meta-data
76-->src/main/AndroidManifest.xml:17:5-84
77            android:name="unity.allow-resizable-window"
77-->src/main/AndroidManifest.xml:17:16-59
78            android:value="False" />
78-->src/main/AndroidManifest.xml:17:60-81
79        <meta-data
79-->src/main/AndroidManifest.xml:18:5-81
80            android:name="notch.config"
80-->src/main/AndroidManifest.xml:18:16-43
81            android:value="portrait|landscape" />
81-->src/main/AndroidManifest.xml:18:44-78
82        <meta-data
82-->src/main/AndroidManifest.xml:19:5-101
83            android:name="unity.build-id"
83-->src/main/AndroidManifest.xml:19:16-45
84            android:value="3955c860-4166-4f1a-a688-5dc511df97dd" />
84-->src/main/AndroidManifest.xml:19:46-98
85        <meta-data
85-->src/main/AndroidManifest.xml:20:5-97
86            android:name="com.samsung.android.vr.application.mode"
86-->src/main/AndroidManifest.xml:20:16-70
87            android:value="vr_only" />
87-->src/main/AndroidManifest.xml:20:71-94
88        <meta-data
88-->src/main/AndroidManifest.xml:21:5-91
89            android:name="com.unity.xr.oculus.LowOverheadMode"
89-->src/main/AndroidManifest.xml:21:16-66
90            android:value="false" />
90-->src/main/AndroidManifest.xml:21:67-88
91        <meta-data
91-->src/main/AndroidManifest.xml:22:5-90
92            android:name="com.oculus.supportedDevices"
92-->src/main/AndroidManifest.xml:22:16-58
93            android:value="quest|quest2" />
93-->src/main/AndroidManifest.xml:22:59-87
94    </application>
95
96</manifest>